<?xml version="1.0" encoding="utf-8"?><testsuites name="pytest tests"><testsuite name="pytest" errors="0" failures="0" skipped="0" tests="20" time="12.977" timestamp="2026-04-22T23:33:35.011585+00:00" hostname="agent-env-e4275ab2-d56a-41be-bc7e-8ca87cfb2a48"><testcase classname="backend.tests.test_contact_views" name="test_contact_send_ok" time="0.208" /><testcase classname="backend.tests.test_contact_views" name="test_contact_validation_missing_fields" time="0.111" /><testcase classname="backend.tests.test_contact_views" name="test_increment_views_on_published_article" time="0.379" /><testcase classname="backend.tests.test_jpphub_api" name="test_api_root" time="0.266" /><testcase classname="backend.tests.test_jpphub_api.TestAuth" name="test_register_validation_missing_fields" time="0.120" /><testcase classname="backend.tests.test_jpphub_api.TestAuth" name="test_register_and_login_new_user" time="1.138" /><testcase classname="backend.tests.test_jpphub_api.TestAuth" name="test_login_invalid_credentials" time="0.383" /><testcase classname="backend.tests.test_jpphub_api.TestAuth" name="test_me_without_token" time="0.114" /><testcase classname="backend.tests.test_jpphub_api.TestAuth" name="test_google_session_invalid" time="0.272" /><testcase classname="backend.tests.test_jpphub_api.TestArticlesPublic" name="test_get_published_articles" time="0.125" /><testcase classname="backend.tests.test_jpphub_api.TestArticlesPublic" name="test_get_article_by_id_404" time="0.131" /><testcase classname="backend.tests.test_jpphub_api.TestArticleFlow" name="test_full_submit_review_publish_flow" time="3.005" /><testcase classname="backend.tests.test_jpphub_api.TestAdmin" name="test_admin_stats" time="0.114" /><testcase classname="backend.tests.test_jpphub_api.TestAdmin" name="test_admin_users" time="0.136" /><testcase classname="backend.tests.test_jpphub_api.TestAdmin" name="test_admin_users_forbidden_for_user" time="0.135" /><testcase classname="backend.tests.test_jpphub_api.TestAdmin" name="test_admin_change_user_role" time="0.355" /><testcase classname="backend.tests.test_jpphub_slug_pagination" name="test_slug_returns_approved" time="1.648" /><testcase classname="backend.tests.test_jpphub_slug_pagination" name="test_slug_404_when_rejected" time="1.164" /><testcase classname="backend.tests.test_jpphub_slug_pagination" name="test_slug_404_unknown" time="0.111" /><testcase classname="backend.tests.test_jpphub_slug_pagination" name="test_seed_12_articles_for_pagination" time="2.982" /></testsuite></testsuites>