<?xml version="1.0" encoding="utf-8"?><testsuites name="pytest tests"><testsuite name="pytest" errors="0" failures="0" skipped="0" tests="11" time="5.146" timestamp="2026-04-22T23:53:34.046241+00:00" hostname="agent-env-e4275ab2-d56a-41be-bc7e-8ca87cfb2a48"><testcase classname="backend.tests.test_p1_features.TestUpload" name="test_upload_requires_auth" time="0.177" /><testcase classname="backend.tests.test_p1_features.TestUpload" name="test_upload_image_success_and_static_serve" time="0.694" /><testcase classname="backend.tests.test_p1_features.TestUpload" name="test_upload_rejects_non_image" time="0.141" /><testcase classname="backend.tests.test_p1_features.TestProfile" name="test_patch_me_updates_bio_and_avatar" time="0.243" /><testcase classname="backend.tests.test_p1_features.TestProfile" name="test_patch_me_requires_auth" time="0.116" /><testcase classname="backend.tests.test_p1_features.TestProfile" name="test_patch_me_rejects_invalid_name" time="0.121" /><testcase classname="backend.tests.test_p1_features.TestProfile" name="test_public_profile_returns_profile_and_articles" time="0.244" /><testcase classname="backend.tests.test_p1_features.TestProfile" name="test_public_profile_404_unknown" time="0.119" /><testcase classname="backend.tests.test_p1_features.TestArticleCoverAndReview" name="test_review_request_changes_accepted" time="0.862" /><testcase classname="backend.tests.test_p1_features.TestArticleCoverAndReview" name="test_review_approve_sends_email" time="2.146" /><testcase classname="backend.tests.test_p1_features.TestArticleCoverAndReview" name="test_review_invalid_action_rejected" time="0.171" /></testsuite></testsuites>