<?xml version="1.0" encoding="utf-8"?><testsuites name="pytest tests"><testsuite name="pytest" errors="0" failures="1" skipped="0" tests="13" time="4.669" timestamp="2026-04-22T17:53:04.062439+00:00" hostname="agent-env-e7daa7e1-68ee-423b-ba3f-536897254c06"><testcase classname="backend.tests.test_jpphub_api" name="test_api_root" time="0.282" /><testcase classname="backend.tests.test_jpphub_api.TestAuth" name="test_register_validation_missing_fields" time="0.180" /><testcase classname="backend.tests.test_jpphub_api.TestAuth" name="test_register_and_login_new_user" time="0.983" /><testcase classname="backend.tests.test_jpphub_api.TestAuth" name="test_login_invalid_credentials" time="0.423" /><testcase classname="backend.tests.test_jpphub_api.TestAuth" name="test_me_without_token" time="0.151" /><testcase classname="backend.tests.test_jpphub_api.TestAuth" name="test_google_session_invalid" time="0.297" /><testcase classname="backend.tests.test_jpphub_api.TestArticlesPublic" name="test_get_published_articles" time="0.154" /><testcase classname="backend.tests.test_jpphub_api.TestArticlesPublic" name="test_get_article_by_id_404" time="0.135" /><testcase classname="backend.tests.test_jpphub_api.TestArticleFlow" name="test_full_submit_review_publish_flow" time="0.919"><failure message="AssertionError: submit failed: 400 {&quot;status&quot;:&quot;error&quot;,&quot;message&quot;:&quot;Datos de entrada inválidos&quot;,&quot;details&quot;:[&quot;\&quot;body.description\&quot; length must be at least 10 characters long&quot;]}&#10;assert 400 in (200, 201)&#10; +  where 400 = &lt;Response [400]&gt;.status_code">backend/tests/test_jpphub_api.py:130: in test_full_submit_review_publish_flow
    assert r.status_code in (200, 201), f"submit failed: {r.status_code} {r.text}"
E   AssertionError: submit failed: 400 {"status":"error","message":"Datos de entrada inválidos","details":["\"body.description\" length must be at least 10 characters long"]}
E   assert 400 in (200, 201)
E    +  where 400 = &lt;Response [400]&gt;.status_code</failure></testcase><testcase classname="backend.tests.test_jpphub_api.TestAdmin" name="test_admin_stats" time="0.201" /><testcase classname="backend.tests.test_jpphub_api.TestAdmin" name="test_admin_users" time="0.113" /><testcase classname="backend.tests.test_jpphub_api.TestAdmin" name="test_admin_users_forbidden_for_user" time="0.136" /><testcase classname="backend.tests.test_jpphub_api.TestAdmin" name="test_admin_change_user_role" time="0.480" /></testsuite></testsuites>