<?xml version="1.0" encoding="utf-8"?><testsuites name="pytest tests"><testsuite name="pytest" errors="0" failures="0" skipped="0" tests="17" time="12.669" timestamp="2026-04-22T18:10:01.392184+00:00" hostname="agent-env-e7daa7e1-68ee-423b-ba3f-536897254c06"><testcase classname="backend.tests.test_jpphub_api" name="test_api_root" time="0.285" /><testcase classname="backend.tests.test_jpphub_api.TestAuth" name="test_register_validation_missing_fields" time="0.209" /><testcase classname="backend.tests.test_jpphub_api.TestAuth" name="test_register_and_login_new_user" time="1.207" /><testcase classname="backend.tests.test_jpphub_api.TestAuth" name="test_login_invalid_credentials" time="0.356" /><testcase classname="backend.tests.test_jpphub_api.TestAuth" name="test_me_without_token" time="0.130" /><testcase classname="backend.tests.test_jpphub_api.TestAuth" name="test_google_session_invalid" time="0.303" /><testcase classname="backend.tests.test_jpphub_api.TestArticlesPublic" name="test_get_published_articles" time="0.147" /><testcase classname="backend.tests.test_jpphub_api.TestArticlesPublic" name="test_get_article_by_id_404" time="0.116" /><testcase classname="backend.tests.test_jpphub_api.TestArticleFlow" name="test_full_submit_review_publish_flow" time="2.947" /><testcase classname="backend.tests.test_jpphub_api.TestAdmin" name="test_admin_stats" time="0.137" /><testcase classname="backend.tests.test_jpphub_api.TestAdmin" name="test_admin_users" time="0.159" /><testcase classname="backend.tests.test_jpphub_api.TestAdmin" name="test_admin_users_forbidden_for_user" time="0.116" /><testcase classname="backend.tests.test_jpphub_api.TestAdmin" name="test_admin_change_user_role" time="0.367" /><testcase classname="backend.tests.test_jpphub_slug_pagination" name="test_slug_returns_approved" time="1.650" /><testcase classname="backend.tests.test_jpphub_slug_pagination" name="test_slug_404_when_rejected" time="1.196" /><testcase classname="backend.tests.test_jpphub_slug_pagination" name="test_slug_404_unknown" time="0.143" /><testcase classname="backend.tests.test_jpphub_slug_pagination" name="test_seed_12_articles_for_pagination" time="3.095" /></testsuite></testsuites>